Home Assistant notifications (Log started: 2018-06-10T07:26:52.248485+00:00)
--------------------------------------------------------------------------------
2018-06-10T07:26:52.248511+00:00 rf bridge triggered, data: 86E802
2018-06-10T07:26:53.160184+00:00 rf bridge triggered, data: 86E808
2018-06-10T07:27:12.024226+00:00 rf bridge triggered, data: 86E808
2018-06-10T07:27:14.464321+00:00 rf bridge triggered, data: 86E804
2018-06-10T07:27:15.900867+00:00 rf bridge triggered, data: 86E801
2018-06-10T07:31:50.636291+00:00 rf bridge triggered, data: 393F91
2018-06-10T07:31:51.509666+00:00 rf bridge triggered, data: D68A9E
2018-06-10T07:32:12.724974+00:00 rf bridge triggered, data: D68A9E
2018-06-10T08:24:28.804683+00:00 rf bridge triggered, data: 4083B4
2018-06-10T08:32:16.362001+00:00 rf bridge triggered, data: D2FA5E
2018-06-10T08:32:43.534342+00:00 rf bridge triggered, data: D2FA5E
2018-06-10T08:32:58.475683+00:00 rf bridge triggered, data: D2FA5E
2018-06-10T08:37:28.323478+00:00 rf bridge triggered, data: D2FA5E
2018-06-10T08:42:11.410182+00:00 rf bridge triggered, data: D2FA5E
2018-06-10T08:42:11.418697+00:00 mirror motion triggered
2018-06-10T08:42:30.990833+00:00 rf bridge triggered, data: D2FA5E
2018-06-10T08:42:31.000061+00:00 mirror motion triggered
2018-06-10T08:43:05.908473+00:00 rf bridge triggered, data: D2FA5E
2018-06-10T08:43:05.910205+00:00 mirror motion triggered
2018-06-10T08:43:08.594835+00:00 rf bridge triggered, data: 393F91
2018-06-10T08:43:15.347809+00:00 rf bridge triggered, data: D2FA5E
2018-06-10T08:43:15.348901+00:00 mirror motion triggered
2018-06-10T08:45:31.968124+00:00 rf bridge triggered, data: D2FA5E
2018-06-10T08:45:31.983806+00:00 mirror motion triggered
2018-06-10T08:48:09.642783+00:00 rf bridge triggered, data: D2FA5E
2018-06-10T08:48:09.650041+00:00 mirror motion triggered
2018-06-10T08:55:39.577171+00:00 rf bridge triggered, data: D2FA5E
2018-06-10T08:55:39.590510+00:00 mirror motion triggered
2018-06-10T08:56:13.914291+00:00 rf bridge triggered, data: D2FA5E
2018-06-10T08:56:13.916891+00:00 mirror motion triggered
2018-06-10T08:58:13.147900+00:00 rf bridge triggered, data: D2FA5E
2018-06-10T08:58:13.158873+00:00 mirror motion triggered
